<?xml version="1.0" encoding="UTF-8"?>
<!-- Generated by org.testng.reporters.JUnitReportReporter -->
<testsuite skipped="0" hostname="DESKTOP-0FSG9OD" name="testMethods.TestMethod" tests="1" failures="0" timestamp="06 Mar 2020 17:27:28 GMT" time="130.332" errors="0">
  <testcase name="setupDriver" time="130.332" classname="testMethods.TestMethod"/>
</testsuite> <!-- testMethods.TestMethod -->
